<?xml version="1.0" encoding="UTF-8"?>
<!-- Generated by org.testng.reporters.JUnitReportReporter -->
<testsuite skipped="0" hostname="DESKTOP-PPEU4NJ" name="com.selenium.App" tests="2" failures="0" timestamp="05 Jun 2018 04:43:07 GMT" time="7.711" errors="0">
  <testcase name="closeBrowser" time="3.065" classname="com.selenium.App"/>
  <testcase name="enterContact" time="4.646" classname="com.selenium.App"/>
</testsuite> <!-- com.selenium.App -->
