<?xml version="1.0" encoding="UTF-8"?>
<!-- Generated by org.testng.reporters.JUnitReportReporter -->
<testsuite skipped="0" hostname="DESKTOP-PPEU4NJ" name="com.selenium.AppTest" tests="2" failures="0" timestamp="05 Jun 2018 14:48:01 GMT" time="7.528" errors="0">
  <testcase name="closeBrowser" time="2.942" classname="com.selenium.AppTest"/>
  <testcase name="enterContact" time="4.586" classname="com.selenium.AppTest"/>
</testsuite> <!-- com.selenium.AppTest -->
