<?xml version="1.0" encoding="UTF-8"?>
<!-- Generated by org.testng.reporters.JUnitReportReporter -->
<testsuite skipped="0" hostname="DESKTOP-PPEU4NJ" name="com.selenium.AppTest" tests="2" failures="0" timestamp="05 Jun 2018 06:08:21 GMT" time="7.901" errors="0">
  <testcase name="closeBrowser" time="3.106" classname="com.selenium.AppTest"/>
  <testcase name="enterContact" time="4.795" classname="com.selenium.AppTest"/>
</testsuite> <!-- com.selenium.AppTest -->
